<?xml version="1.0" encoding="UTF-8"?>
<Site BuildName="Win32-mingw32-make"
	BuildStamp="20231229-1019-Experimental"
	Name="ateloiv"
	Generator="ctest-3.22.1"
	CompilerName="C:/MinGW/bin/g++.exe"
	CompilerVersion="9.2.0"
	OSName="Linux"
	Hostname="ateloiv"
	OSRelease="5.10.16.3-microsoft-standard-WSL2"
	OSVersion="#1 SMP Fri Apr 2 22:23:49 UTC 2021"
	OSPlatform="x86_64"
	Is64Bits="1"
	VendorString="GenuineIntel"
	VendorID="Intel Corporation"
	FamilyID="6"
	ModelID="142"
	ProcessorCacheSize="6144"
	NumberOfLogicalCPU="8"
	NumberOfPhysicalCPU="4"
	TotalVirtualMemory="1024"
	TotalPhysicalMemory="3822"
	LogicalProcessorsPerPhysical="2"
	ProcessorClockFrequency="2112.01"
	>
	<Testing>
		<StartDateTime>Dec 29 11:19 CET</StartDateTime>
		<StartTestTime>1703845161</StartTestTime>
		<TestList/>
		<EndDateTime>Dec 29 11:19 CET</EndDateTime>
		<EndTestTime>1703845161</EndTestTime>
		<ElapsedMinutes>0</ElapsedMinutes>
	</Testing>
</Site>
