<?xml version="1.0" encoding="UTF-8"?>
<Site BuildName="Linux-g++"
	BuildStamp="20240113-0853-Experimental"
	Name="ateloiv"
	Generator="ctest-3.22.1"
	CompilerName="/usr/bin/g++"
	CompilerVersion="11.4.0"
	OSName="Linux"
	Hostname="ateloiv"
	OSRelease="5.10.16.3-microsoft-standard-WSL2"
	OSVersion="#1 SMP Fri Apr 2 22:23:49 UTC 2021"
	OSPlatform="x86_64"
	Is64Bits="1"
	VendorString="GenuineIntel"
	VendorID="Intel Corporation"
	FamilyID="6"
	ModelID="142"
	ProcessorCacheSize="6144"
	NumberOfLogicalCPU="8"
	NumberOfPhysicalCPU="4"
	TotalVirtualMemory="1024"
	TotalPhysicalMemory="3822"
	LogicalProcessorsPerPhysical="2"
	ProcessorClockFrequency="2112"
	>
	<Testing>
		<StartDateTime>Jan 13 10:36 CET</StartDateTime>
		<StartTestTime>1705138591</StartTestTime>
		<TestList/>
		<EndDateTime>Jan 13 10:36 CET</EndDateTime>
		<EndTestTime>1705138591</EndTestTime>
		<ElapsedMinutes>0</ElapsedMinutes>
	</Testing>
</Site>
